./lab2/add.sy                 PASSED
./lab2/array1.sy              PASSED
./lab2/array2.sy              PASSED
./lab2/array_init_error.sy    PASSED
./lab2/array_lval_error.sy    FAILED
./lab2/arr_defn1.sy           PASSED
./lab2/assign_mismatch.sy     FAILED
./lab2/factorial.sy           PASSED
./lab2/func_defn.sy           PASSED
./lab2/func_name.sy           PASSED
./lab2/if_complex_expr.sy     PASSED
./lab2/if_else_return.sy      FAILED
./lab2/if_test1.sy            PASSED
./lab2/if_test2.sy            PASSED
./lab2/invalid_array.sy       FAILED
./lab2/invalid_array2.sy      PASSED
./lab2/invalid_call.sy        FAILED
./lab2/main.sy                PASSED
./lab2/mul.sy                 PASSED
./lab2/op_priority.sy         PASSED
./lab2/redef_fparam.sy        FAILED
./lab2/redef_fun.sy           FAILED
./lab2/redef_var.sy           FAILED
./lab2/rem.sy                 PASSED
./lab2/return_mismatch.sy     FAILED
./lab2/scope.sy               FAILED
./lab2/stmt_expr.sy           PASSED
./lab2/unary_op.sy            PASSED
./lab2/undef_func.sy          FAILED
./lab2/undef_variable.sy      FAILED
./lab2/unmatch_call_array.sy  FAILED
./lab2/unmatch_call_num.sy    FAILED
./lab2/unmatch_call_type.sy   FAILED
./lab2/unmatch_op.sy          FAILED
./lab2/while_if.sy            PASSED
./lab2/while_test.sy          PASSED
